{"/Users/olivia/Desktop/Projet OKAMI/okami-connect/okami-back/controllers/artistsController.js": {"path":"/Users/olivia/Desktop/Projet OKAMI/okami-connect/okami-back/controllers/artistsController.js","statementMap":{"0":{"start":{"line":1,"column":15},"end":{"line":1,"column":48}},"1":{"start":{"line":4,"column":0},"end":{"line":37,"column":1}},"2":{"start":{"line":5,"column":146},"end":{"line":5,"column":154}},"3":{"start":{"line":7,"column":2},"end":{"line":36,"column":3}},"4":{"start":{"line":8,"column":17},"end":{"line":8,"column":82}},"5":{"start":{"line":10,"column":4},"end":{"line":33,"column":5}},"6":{"start":{"line":11,"column":25},"end":{"line":11,"column":44}},"7":{"start":{"line":12,"column":4},"end":{"line":12,"column":50}},"8":{"start":{"line":12,"column":18},"end":{"line":12,"column":50}},"9":{"start":{"line":13,"column":4},"end":{"line":13,"column":53}},"10":{"start":{"line":13,"column":19},"end":{"line":13,"column":53}},"11":{"start":{"line":14,"column":4},"end":{"line":14,"column":41}},"12":{"start":{"line":14,"column":15},"end":{"line":14,"column":41}},"13":{"start":{"line":15,"column":4},"end":{"line":15,"column":59}},"14":{"start":{"line":15,"column":21},"end":{"line":15,"column":59}},"15":{"start":{"line":16,"column":4},"end":{"line":16,"column":53}},"16":{"start":{"line":16,"column":19},"end":{"line":16,"column":53}},"17":{"start":{"line":17,"column":4},"end":{"line":17,"column":47}},"18":{"start":{"line":17,"column":17},"end":{"line":17,"column":47}},"19":{"start":{"line":18,"column":4},"end":{"line":18,"column":68}},"20":{"start":{"line":18,"column":24},"end":{"line":18,"column":68}},"21":{"start":{"line":19,"column":4},"end":{"line":19,"column":56}},"22":{"start":{"line":19,"column":20},"end":{"line":19,"column":56}},"23":{"start":{"line":20,"column":4},"end":{"line":20,"column":44}},"24":{"start":{"line":20,"column":16},"end":{"line":20,"column":44}},"25":{"start":{"line":21,"column":4},"end":{"line":21,"column":41}},"26":{"start":{"line":21,"column":15},"end":{"line":21,"column":41}},"27":{"start":{"line":22,"column":4},"end":{"line":22,"column":68}},"28":{"start":{"line":22,"column":24},"end":{"line":22,"column":68}},"29":{"start":{"line":23,"column":4},"end":{"line":23,"column":38}},"30":{"start":{"line":23,"column":14},"end":{"line":23,"column":38}},"31":{"start":{"line":25,"column":6},"end":{"line":25,"column":25}},"32":{"start":{"line":26,"column":6},"end":{"line":26,"column":57}},"33":{"start":{"line":28,"column":6},"end":{"line":30,"column":8}},"34":{"start":{"line":31,"column":6},"end":{"line":31,"column":25}},"35":{"start":{"line":32,"column":6},"end":{"line":32,"column":34}},"36":{"start":{"line":35,"column":4},"end":{"line":35,"column":50}},"37":{"start":{"line":42,"column":0},"end":{"line":57,"column":2}},"38":{"start":{"line":43,"column":4},"end":{"line":56,"column":5}},"39":{"start":{"line":44,"column":44},"end":{"line":44,"column":52}},"40":{"start":{"line":46,"column":23},"end":{"line":49,"column":10}},"41":{"start":{"line":51,"column":26},"end":{"line":51,"column":45}},"42":{"start":{"line":53,"column":8},"end":{"line":53,"column":40}},"43":{"start":{"line":55,"column":8},"end":{"line":55,"column":55}},"44":{"start":{"line":80,"column":0},"end":{"line":87,"column":1}},"45":{"start":{"line":81,"column":4},"end":{"line":86,"column":5}},"46":{"start":{"line":82,"column":23},"end":{"line":82,"column":42}},"47":{"start":{"line":83,"column":8},"end":{"line":83,"column":25}},"48":{"start":{"line":85,"column":8},"end":{"line":85,"column":52}},"49":{"start":{"line":90,"column":0},"end":{"line":100,"column":1}},"50":{"start":{"line":91,"column":4},"end":{"line":99,"column":5}},"51":{"start":{"line":92,"column":21},"end":{"line":92,"column":57}},"52":{"start":{"line":93,"column":8},"end":{"line":95,"column":9}},"53":{"start":{"line":94,"column":12},"end":{"line":94,"column":72}},"54":{"start":{"line":96,"column":8},"end":{"line":96,"column":24}},"55":{"start":{"line":98,"column":8},"end":{"line":98,"column":52}}},"fnMap":{"0":{"name":"(anonymous_0)","decl":{"start":{"line":4,"column":31},"end":{"line":4,"column":32}},"loc":{"start":{"line":4,"column":51},"end":{"line":37,"column":1}},"line":4},"1":{"name":"(anonymous_1)","decl":{"start":{"line":42,"column":26},"end":{"line":42,"column":27}},"loc":{"start":{"line":42,"column":46},"end":{"line":57,"column":1}},"line":42},"2":{"name":"(anonymous_2)","decl":{"start":{"line":80,"column":22},"end":{"line":80,"column":23}},"loc":{"start":{"line":80,"column":39},"end":{"line":87,"column":1}},"line":80},"3":{"name":"(anonymous_3)","decl":{"start":{"line":90,"column":22},"end":{"line":90,"column":23}},"loc":{"start":{"line":90,"column":40},"end":{"line":100,"column":1}},"line":90}},"branchMap":{"0":{"loc":{"start":{"line":10,"column":4},"end":{"line":33,"column":5}},"type":"if","locations":[{"start":{"line":10,"column":4},"end":{"line":33,"column":5}},{"start":{"line":27,"column":11},"end":{"line":33,"column":5}}],"line":10},"1":{"loc":{"start":{"line":12,"column":4},"end":{"line":12,"column":50}},"type":"if","locations":[{"start":{"line":12,"column":4},"end":{"line":12,"column":50}},{"start":{},"end":{}}],"line":12},"2":{"loc":{"start":{"line":13,"column":4},"end":{"line":13,"column":53}},"type":"if","locations":[{"start":{"line":13,"column":4},"end":{"line":13,"column":53}},{"start":{},"end":{}}],"line":13},"3":{"loc":{"start":{"line":14,"column":4},"end":{"line":14,"column":41}},"type":"if","locations":[{"start":{"line":14,"column":4},"end":{"line":14,"column":41}},{"start":{},"end":{}}],"line":14},"4":{"loc":{"start":{"line":15,"column":4},"end":{"line":15,"column":59}},"type":"if","locations":[{"start":{"line":15,"column":4},"end":{"line":15,"column":59}},{"start":{},"end":{}}],"line":15},"5":{"loc":{"start":{"line":16,"column":4},"end":{"line":16,"column":53}},"type":"if","locations":[{"start":{"line":16,"column":4},"end":{"line":16,"column":53}},{"start":{},"end":{}}],"line":16},"6":{"loc":{"start":{"line":17,"column":4},"end":{"line":17,"column":47}},"type":"if","locations":[{"start":{"line":17,"column":4},"end":{"line":17,"column":47}},{"start":{},"end":{}}],"line":17},"7":{"loc":{"start":{"line":18,"column":4},"end":{"line":18,"column":68}},"type":"if","locations":[{"start":{"line":18,"column":4},"end":{"line":18,"column":68}},{"start":{},"end":{}}],"line":18},"8":{"loc":{"start":{"line":19,"column":4},"end":{"line":19,"column":56}},"type":"if","locations":[{"start":{"line":19,"column":4},"end":{"line":19,"column":56}},{"start":{},"end":{}}],"line":19},"9":{"loc":{"start":{"line":20,"column":4},"end":{"line":20,"column":44}},"type":"if","locations":[{"start":{"line":20,"column":4},"end":{"line":20,"column":44}},{"start":{},"end":{}}],"line":20},"10":{"loc":{"start":{"line":21,"column":4},"end":{"line":21,"column":41}},"type":"if","locations":[{"start":{"line":21,"column":4},"end":{"line":21,"column":41}},{"start":{},"end":{}}],"line":21},"11":{"loc":{"start":{"line":22,"column":4},"end":{"line":22,"column":68}},"type":"if","locations":[{"start":{"line":22,"column":4},"end":{"line":22,"column":68}},{"start":{},"end":{}}],"line":22},"12":{"loc":{"start":{"line":23,"column":4},"end":{"line":23,"column":38}},"type":"if","locations":[{"start":{"line":23,"column":4},"end":{"line":23,"column":38}},{"start":{},"end":{}}],"line":23},"13":{"loc":{"start":{"line":47,"column":26},"end":{"line":47,"column":44}},"type":"binary-expr","locations":[{"start":{"line":47,"column":26},"end":{"line":47,"column":38}},{"start":{"line":47,"column":42},"end":{"line":47,"column":44}}],"line":47},"14":{"loc":{"start":{"line":48,"column":23},"end":{"line":48,"column":38}},"type":"binary-expr","locations":[{"start":{"line":48,"column":23},"end":{"line":48,"column":32}},{"start":{"line":48,"column":36},"end":{"line":48,"column":38}}],"line":48},"15":{"loc":{"start":{"line":93,"column":8},"end":{"line":95,"column":9}},"type":"if","locations":[{"start":{"line":93,"column":8},"end":{"line":95,"column":9}},{"start":{},"end":{}}],"line":93}},"s":{"0":1,"1":1,"2":0,"3":0,"4":0,"5":0,"6":0,"7":0,"8":0,"9":0,"10":0,"11":0,"12":0,"13":0,"14":0,"15":0,"16":0,"17":0,"18":0,"19":0,"20":0,"21":0,"22":0,"23":0,"24":0,"25":0,"26":0,"27":0,"28":0,"29":0,"30":0,"31":0,"32":0,"33":0,"34":0,"35":0,"36":0,"37":1,"38":1,"39":1,"40":1,"41":1,"42":1,"43":0,"44":1,"45":2,"46":2,"47":1,"48":1,"49":1,"50":3,"51":3,"52":2,"53":1,"54":1,"55":1},"f":{"0":0,"1":1,"2":2,"3":3},"b":{"0":[0,0],"1":[0,0],"2":[0,0],"3":[0,0],"4":[0,0],"5":[0,0],"6":[0,0],"7":[0,0],"8":[0,0],"9":[0,0],"10":[0,0],"11":[0,0],"12":[0,0],"13":[1,0],"14":[1,1],"15":[1,1]},"_coverageSchema":"1a1c01bbd47fc00a2c39e90264f33305004495a9","hash":"1e9aad75d077e337e1fd17d2c0c50c566f980b56"}
,"/Users/olivia/Desktop/Projet OKAMI/okami-connect/okami-back/models/artistsModel.js": {"path":"/Users/olivia/Desktop/Projet OKAMI/okami-connect/okami-back/models/artistsModel.js","statementMap":{"0":{"start":{"line":1,"column":17},"end":{"line":1,"column":36}},"1":{"start":{"line":3,"column":20},"end":{"line":113,"column":2}},"2":{"start":{"line":115,"column":0},"end":{"line":115,"column":53}}},"fnMap":{},"branchMap":{},"s":{"0":1,"1":1,"2":1},"f":{},"b":{},"_coverageSchema":"1a1c01bbd47fc00a2c39e90264f33305004495a9","hash":"f69def5fcb55e01f8d14cba11aab121e929e7932"}
}
