TN:
SF:controllers/artistsController.js
FN:4,(anonymous_0)
FN:42,(anonymous_1)
FN:80,(anonymous_2)
FN:90,(anonymous_3)
FNF:4
FNH:3
FNDA:0,(anonymous_0)
FNDA:1,(anonymous_1)
FNDA:2,(anonymous_2)
FNDA:3,(anonymous_3)
DA:1,1
DA:4,1
DA:5,0
DA:7,0
DA:8,0
DA:10,0
DA:11,0
DA:12,0
DA:13,0
DA:14,0
DA:15,0
DA:16,0
DA:17,0
DA:18,0
DA:19,0
DA:20,0
DA:21,0
DA:22,0
DA:23,0
DA:25,0
DA:26,0
DA:28,0
DA:31,0
DA:32,0
DA:35,0
DA:42,1
DA:43,1
DA:44,1
DA:46,1
DA:51,1
DA:53,1
DA:55,0
DA:80,1
DA:81,2
DA:82,2
DA:83,1
DA:85,1
DA:90,1
DA:91,3
DA:92,3
DA:93,2
DA:94,1
DA:96,1
DA:98,1
LF:44
LH:20
BRDA:10,0,0,0
BRDA:10,0,1,0
BRDA:12,1,0,0
BRDA:12,1,1,0
BRDA:13,2,0,0
BRDA:13,2,1,0
BRDA:14,3,0,0
BRDA:14,3,1,0
BRDA:15,4,0,0
BRDA:15,4,1,0
BRDA:16,5,0,0
BRDA:16,5,1,0
BRDA:17,6,0,0
BRDA:17,6,1,0
BRDA:18,7,0,0
BRDA:18,7,1,0
BRDA:19,8,0,0
BRDA:19,8,1,0
BRDA:20,9,0,0
BRDA:20,9,1,0
BRDA:21,10,0,0
BRDA:21,10,1,0
BRDA:22,11,0,0
BRDA:22,11,1,0
BRDA:23,12,0,0
BRDA:23,12,1,0
BRDA:47,13,0,1
BRDA:47,13,1,0
BRDA:48,14,0,1
BRDA:48,14,1,1
BRDA:93,15,0,1
BRDA:93,15,1,1
BRF:32
BRH:5
end_of_record
TN:
SF:models/artistsModel.js
FNF:0
FNH:0
DA:1,1
DA:3,1
DA:115,1
LF:3
LH:3
BRF:0
BRH:0
end_of_record
